Le serveur tourne depuis 2018-04-21 17:09:21
Le serveur est en up.
2018-04-21 17:25:24 : Le serveur est en up.
2018-04-21 17:26:54 : Le serveur est en up.
2018-04-21 17:35:31 : Le serveur est up.
2018-04-22 19:22:46 : Le serveur est up.
2018-04-22 19:28:24 : Le serveur est up.
2018-04-22 19:32:01 : Le serveur est up.
2018-04-23 08:25:52 : Le serveur est up.
2018-04-23 08:33:49 : Le serveur est up.
2018-04-23 08:36:57 : Le serveur est up.
2018-04-23 08:39:59 : Le serveur est up.
2018-04-23 08:40:54 : Le serveur est up.
2018-04-23 08:54:20 : Le serveur est up.
2018-04-23 08:57:20 : Le serveur est up.
2018-04-23 08:58:32 : Le serveur est up.
2018-04-23 08:59:25 : Le serveur est up.
2018-04-23 08:59:28 : Le serveur est up.
2018-04-23 09:01:31 : Le serveur est up.
2018-04-23 09:10:27 : Le serveur est up.
2018-04-23 09:11:14 : Le serveur est up.
2018-04-23 09:12:00 : Le serveur est up.
2018-04-23 09:12:03 : Le serveur est up.
2018-04-23 09:14:42 : Le serveur est up.
2018-04-23 09:15:17 : Le serveur est up.
2018-04-23 09:16:02 : Le serveur est up.
2018-04-23 09:19:35 : Le serveur est up.
2018-04-23 09:19:39 : Le serveur est up.
2018-04-23 09:29:18 : Le serveur est up.
2018-04-23 09:30:46 : Le serveur est up.
2018-04-23 09:31:23 : Le serveur est up.
2018-04-23 09:31:36 : Le serveur est up.
2018-04-23 09:32:32 : Le serveur est up.
2018-04-23 09:36:57 : Le serveur est up.
2018-04-23 09:41:41 : Le serveur est up.
2018-04-23 09:43:34 : Le serveur est up.
2018-04-23 09:47:17 : Le serveur est up.
2018-04-23 09:47:45 : Le serveur est up.
2018-04-23 09:51:12 : Le serveur est up.
2018-04-23 09:51:36 : Le serveur est up.
2018-04-23 09:52:28 : Le serveur est up.
2018-04-23 09:52:53 : Le serveur est up.
2018-04-23 09:54:19 : Le serveur est up.
2018-04-23 10:46:34 : Le serveur est up.
2018-04-23 11:13:43 : Le serveur est up.
2018-04-23 11:14:08 : Le serveur est up.
2018-04-23 11:14:36 : Le serveur est up.
2018-04-23 11:25:24 : Le serveur est up.
2018-04-23 11:28:01 : Le serveur est up.
2018-04-23 12:15:33 : Le serveur est up.
2018-04-23 12:15:52 : 127.0.0.1:49790/getiaresponse/dazdazdazdazdazda GET
2018-04-23 12:16:41 : 127.0.0.1:49828/getiaresponse/dazdazdazdazdazda GET
2018-04-23 15:50:10 : Le serveur est up.
2018-04-23 15:50:47 : 127.0.0.1:53240/getiaresponse/dazdazdazdazdazdaz GET
2018-04-23 15:54:11 : 127.0.0.1:53240/getiaresponse/jesuisunephrasepolitique GET
2018-04-23 16:04:14 : 127.0.0.1:53406/getiaresponse/je'suisunephrasepolitique GET
2018-04-23 16:04:43 : Le serveur est up.
2018-04-23 16:04:49 : 127.0.0.1:53420/getiaresponse/je'suisunephrasepolitique GET
2018-04-23 16:08:23 : Le serveur est up.
2018-04-23 17:16:53 : Le serveur est up.
2018-04-23 17:17:02 : [::1]:39690/getiaresponse/je'suisunephrasepolitique GET
2018-04-23 17:17:22 : [::1]:39690/getiaresponse/je'suisunephrasepolitique GET
2018-04-23 17:42:13 : 127.0.0.1:54442/getiaresponse/jesuisunephrasepolitique GET
2018-04-23 18:00:05 : 127.0.0.1:54630/getiaresponse/jesuisunephrasepolitiqueazdzadazdaz GET
